This file contains any messages produced by compilers while
running configure, to aid debugging if configure makes a mistake.

It was created by libjpeg configure 9.4.0, which was
generated by GNU Autoconf 2.69.  Invocation command line was

  $ ./configure --host=wasm32-wasi

## --------- ##
## Platform. ##
## --------- ##

hostname = shr-Desktop
uname -m = x86_64
uname -r = 4.15.0-99-generic
uname -s = Linux
uname -v = #100-Ubuntu SMP Wed Apr 22 20:32:56 UTC 2020

/usr/bin/uname -p = unknown
/bin/uname -X     = unknown

/bin/arch              = unknown
/usr/bin/arch -k       = unknown
/usr/convex/getsysinfo = unknown
/usr/bin/hostinfo      = unknown
/bin/machine           = unknown
/usr/bin/oslevel       = unknown
/bin/universe          = unknown

PATH: /home/shr/.cabal/bin
PATH: /home/shr/.ghcup/bin
PATH: /home/shr/.cargo/bin
PATH: /opt/cmake/bin/
PATH: /home/shr/.mozbuild/git-cinnabar
PATH: /home/shr/.mozbuild/arcanist_git/bin
PATH: /home/shr/.mozbuild/moz-phab
PATH: /home/shr/.opam/system/bin
PATH: /home/shr/.cargo/bin
PATH: /home/shr/bin
PATH: /home/shr/.local/bin
PATH: /home/shr/.cabal/bin
PATH: /home/shr/.ghcup/bin
PATH: /home/shr/.cargo/bin
PATH: /opt/cmake/bin/
PATH: /home/shr/.mozbuild/git-cinnabar
PATH: /home/shr/.mozbuild/arcanist_git/bin
PATH: /home/shr/.mozbuild/moz-phab
PATH: /home/shr/.opam/system/bin
PATH: /home/shr/.cargo/bin
PATH: /home/shr/bin
PATH: /home/shr/.local/bin
PATH: /usr/local/sbin
PATH: /usr/local/bin
PATH: /usr/sbin
PATH: /usr/bin
PATH: /sbin
PATH: /bin
PATH: /usr/games
PATH: /usr/local/games
PATH: /snap/bin
PATH: /home/shr/.dotnet/tools
PATH: /opt/z3/bin
PATH: /home/shr/Code/fstar_master/FStar/bin
PATH: /home/shr/Code/fstar_master/kremlin
PATH: /home/shr/.dotnet/tools
PATH: /bin
PATH: /home/shr/go/bin
PATH: /opt/z3/bin
PATH: /home/shr/Code/fstar_master/FStar/bin
PATH: /home/shr/Code/fstar_master/kremlin
PATH: /bin
PATH: /home/shr/go/bin


## ----------- ##
## Core tests. ##
## ----------- ##

configure:2274: checking build system type
configure:2288: result: x86_64-pc-linux-gnu
configure:2308: checking host system type
configure:2317: error: /bin/bash ./config.sub wasm32-wasi failed

## ---------------- ##
## Cache variables. ##
## ---------------- ##

ac_cv_build=x86_64-pc-linux-gnu
ac_cv_env_CC_set=set
ac_cv_env_CC_value=/opt/wasi-sdk/bin/clang
ac_cv_env_CFLAGS_set=
ac_cv_env_CFLAGS_value=
ac_cv_env_CPPFLAGS_set=
ac_cv_env_CPPFLAGS_value=
ac_cv_env_CPP_set=
ac_cv_env_CPP_value=
ac_cv_env_LDFLAGS_set=
ac_cv_env_LDFLAGS_value=
ac_cv_env_LIBS_set=
ac_cv_env_LIBS_value=
ac_cv_env_LT_SYS_LIBRARY_PATH_set=
ac_cv_env_LT_SYS_LIBRARY_PATH_value=
ac_cv_env_build_alias_set=
ac_cv_env_build_alias_value=
ac_cv_env_host_alias_set=set
ac_cv_env_host_alias_value=wasm32-wasi
ac_cv_env_target_alias_set=
ac_cv_env_target_alias_value=
ac_cv_host=

## ----------------- ##
## Output variables. ##
## ----------------- ##

ACLOCAL=''
AMDEPBACKSLASH=''
AMDEP_FALSE=''
AMDEP_TRUE=''
AMTAR=''
AM_BACKSLASH=''
AM_DEFAULT_V=''
AM_DEFAULT_VERBOSITY=''
AM_V=''
AR='/opt/wasi-sdk/bin/llvm-ar'
AS=''
AUTOCONF=''
AUTOHEADER='echo autoheader ignored'
AUTOMAKE=''
AWK=''
CC='/opt/wasi-sdk/bin/clang'
CCDEPMODE=''
CFLAGS=''
CPP=''
CPPFLAGS=''
CYGPATH_W=''
DEFS=''
DEPDIR=''
DLLTOOL=''
DSYMUTIL=''
DUMPBIN=''
ECHO_C=''
ECHO_N='-n'
ECHO_T=''
EGREP=''
EXEEXT=''
FGREP=''
GREP=''
HAVE_LD_VERSION_SCRIPT_FALSE=''
HAVE_LD_VERSION_SCRIPT_TRUE=''
INSTALL_DATA=''
INSTALL_PROGRAM=''
INSTALL_SCRIPT=''
INSTALL_STRIP_PROGRAM=''
JPEG_LIB_VERSION=''
JPEG_LIB_VERSION_MAJOR=''
JPEG_LIB_VERSION_MINOR=''
LD='/opt/wasi-sdk/bin/wasm-ld'
LDFLAGS=''
LIBOBJS=''
LIBS=''
LIBTOOL=''
LIPO=''
LN_S=''
LTLIBOBJS=''
LT_SYS_LIBRARY_PATH=''
MAINT=''
MAINTAINER_MODE_FALSE=''
MAINTAINER_MODE_TRUE=''
MAKEINFO=''
MANIFEST_TOOL=''
MEMORYMGR=''
MKDIR_P=''
NM=''
NMEDIT=''
OBJDUMP=''
OBJEXT=''
OTOOL64=''
OTOOL=''
PACKAGE=''
PACKAGE_BUGREPORT=''
PACKAGE_NAME='libjpeg'
PACKAGE_STRING='libjpeg 9.4.0'
PACKAGE_TARNAME='libjpeg'
PACKAGE_URL=''
PACKAGE_VERSION='9.4.0'
PATH_SEPARATOR=':'
RANLIB='/opt/wasi-sdk/bin/ranlib'
SED=''
SET_MAKE=''
SHELL='/bin/bash'
STRIP=''
VERSION=''
ac_ct_AR=''
ac_ct_CC=''
ac_ct_DUMPBIN=''
am__EXEEXT_FALSE=''
am__EXEEXT_TRUE=''
am__fastdepCC_FALSE=''
am__fastdepCC_TRUE=''
am__include=''
am__isrc=''
am__leading_dot=''
am__nodep=''
am__quote=''
am__tar=''
am__untar=''
bindir='${exec_prefix}/bin'
build='x86_64-pc-linux-gnu'
build_alias=''
build_cpu='x86_64'
build_os='linux-gnu'
build_vendor='pc'
datadir='${datarootdir}'
datarootdir='${prefix}/share'
docdir='${datarootdir}/doc/${PACKAGE_TARNAME}'
dvidir='${docdir}'
exec_prefix='NONE'
host='wasm32-wasi'
host_alias='wasm32-wasi'
host_cpu=''
host_os=''
host_vendor=''
htmldir='${docdir}'
includedir='${prefix}/include'
infodir='${datarootdir}/info'
install_sh=''
libdir='${exec_prefix}/lib'
libexecdir='${exec_prefix}/libexec'
localedir='${datarootdir}/locale'
localstatedir='${prefix}/var'
mandir='${datarootdir}/man'
mkdir_p=''
oldincludedir='/usr/include'
pdfdir='${docdir}'
prefix='NONE'
program_transform_name='s,x,x,'
psdir='${docdir}'
sbindir='${exec_prefix}/sbin'
sharedstatedir='${prefix}/com'
sysconfdir='${prefix}/etc'
target=''
target_alias=''
target_cpu=''
target_os=''
target_vendor=''

## ----------- ##
## confdefs.h. ##
## ----------- ##

/* confdefs.h */
#define PACKAGE_NAME "libjpeg"
#define PACKAGE_TARNAME "libjpeg"
#define PACKAGE_VERSION "9.4.0"
#define PACKAGE_STRING "libjpeg 9.4.0"
#define PACKAGE_BUGREPORT ""
#define PACKAGE_URL ""

configure: exit 1
